2024-05-27T18:32:52.488Z error: MongoDB connection error: Could not connect to any servers in your MongoDB Atlas cluster. One common reason is that you're trying to access the database from an IP that isn't whitelisted. Make sure your current IP address is on your Atlas cluster's IP whitelist: https://www.mongodb.com/docs/atlas/security-whitelist/
2024-05-27T18:32:52.492Z error: MongoDB connection error: 00317644F87F0000:error:0A000438:SSL routines:ssl3_read_bytes:tlsv1 alert internal error:../deps/openssl/openssl/ssl/record/rec_layer_s3.c:1586:SSL alert number 80

2024-05-27T18:33:54.294Z error: MongoDB connection error: Could not connect to any servers in your MongoDB Atlas cluster. One common reason is that you're trying to access the database from an IP that isn't whitelisted. Make sure your current IP address is on your Atlas cluster's IP whitelist: https://www.mongodb.com/docs/atlas/security-whitelist/
2024-05-27T18:33:54.297Z error: MongoDB connection error: 00317644F87F0000:error:0A000438:SSL routines:ssl3_read_bytes:tlsv1 alert internal error:../deps/openssl/openssl/ssl/record/rec_layer_s3.c:1586:SSL alert number 80

2024-05-27T18:34:58.356Z error: MongoDB connection error: bad auth : authentication failed
2024-05-27T18:34:58.359Z error: MongoDB connection error: bad auth : authentication failed
2024-05-27T18:35:49.210Z info: MongoDB connection open
2024-05-27T18:35:49.217Z info: MongoDB connection successful
2024-05-27T18:36:43.347Z info: MongoDB connection open
2024-05-27T18:36:43.363Z info: MongoDB connection successful
2024-05-27T18:52:10.757Z info: MongoDB connection open
2024-05-27T18:52:10.763Z info: MongoDB connection successful
2024-05-27T18:59:09.029Z info: MongoDB connection open
2024-05-27T18:59:09.036Z info: MongoDB connection successful
2024-05-27T19:51:39.707Z error: MongoDB connection error: Could not connect to any servers in your MongoDB Atlas cluster. One common reason is that you're trying to access the database from an IP that isn't whitelisted. Make sure your current IP address is on your Atlas cluster's IP whitelist: https://www.mongodb.com/docs/atlas/security-whitelist/
2024-05-27T19:51:39.710Z error: MongoDB connection error: 00317644F87F0000:error:0A000438:SSL routines:ssl3_read_bytes:tlsv1 alert internal error:../deps/openssl/openssl/ssl/record/rec_layer_s3.c:1586:SSL alert number 80

2024-05-27T19:52:02.789Z info: MongoDB connection open
2024-05-27T19:52:02.796Z info: MongoDB connection successful
2024-05-27T19:53:19.652Z info: MongoDB connection open
2024-05-27T19:53:19.658Z info: MongoDB connection successful
2024-05-27T20:26:00.802Z info: MongoDB connection open
2024-05-27T20:26:00.809Z info: MongoDB connection successful
2024-05-27T20:32:07.944Z info: MongoDB connection open
2024-05-27T20:32:07.950Z info: MongoDB connection successful
2024-05-27T20:38:32.403Z info: MongoDB connection open
2024-05-27T20:38:32.412Z info: MongoDB connection successful
2024-05-27T20:39:59.470Z info: MongoDB connection open
2024-05-27T20:39:59.476Z info: MongoDB connection successful
2024-05-27T20:40:23.745Z info: MongoDB connection open
2024-05-27T20:40:23.751Z info: MongoDB connection successful
2024-05-27T20:49:26.081Z info: MongoDB connection open
2024-05-27T20:49:26.089Z info: MongoDB connection successful
2024-05-27T21:10:14.380Z info: MongoDB connection open
2024-05-27T21:10:14.386Z info: MongoDB connection successful
2024-05-27T21:16:57.141Z info: MongoDB connection open
2024-05-27T21:16:57.146Z info: MongoDB connection successful
2024-05-27T21:22:41.119Z info: MongoDB connection open
2024-05-27T21:22:41.125Z info: MongoDB connection successful
2024-05-27T21:23:21.160Z info: MongoDB connection open
2024-05-27T21:23:21.165Z info: MongoDB connection successful
2024-05-27T21:31:15.775Z info: MongoDB connection open
2024-05-27T21:31:15.780Z info: MongoDB connection successful
2024-05-27T21:39:38.653Z info: MongoDB connection open
2024-05-27T21:39:38.659Z info: MongoDB connection successful
2024-05-27T21:40:08.962Z info: MongoDB connection open
2024-05-27T21:40:08.967Z info: MongoDB connection successful
2024-05-27T21:41:04.877Z info: MongoDB connection open
2024-05-27T21:41:04.881Z info: MongoDB connection successful
2024-05-27T21:58:47.948Z info: MongoDB connection open
2024-05-27T21:58:47.955Z info: MongoDB connection successful
2024-05-27T21:59:10.534Z info: MongoDB connection open
2024-05-27T21:59:10.539Z info: MongoDB connection successful
2024-05-27T21:59:21.200Z info: MongoDB connection open
2024-05-27T21:59:21.206Z info: MongoDB connection successful
2024-05-27T22:05:18.786Z info: MongoDB connection open
2024-05-27T22:05:18.791Z info: MongoDB connection successful
2024-05-27T22:43:41.086Z info: MongoDB connection open
2024-05-27T22:43:41.092Z info: MongoDB connection successful
2024-05-27T22:56:58.147Z info: MongoDB connection open
2024-05-27T22:56:58.165Z info: MongoDB connection successful
2024-05-27T23:10:20.175Z info: MongoDB connection open
2024-05-27T23:10:20.183Z info: MongoDB connection successful
2024-05-27T23:26:13.791Z info: MongoDB connection open
2024-05-27T23:44:28.342Z info: MongoDB connection open
2024-05-27T23:48:26.082Z info: MongoDB connection open
2024-05-27T23:51:24.690Z info: MongoDB connection open
2024-05-27T23:52:46.091Z info: MongoDB connection open
2024-05-27T23:52:46.109Z info: MongoDB connection successful
2024-05-28T00:02:41.502Z info: MongoDB connection open
2024-05-28T00:02:41.515Z info: MongoDB connection successful
2024-05-28T00:05:30.293Z info: MongoDB connection open
2024-05-28T00:05:30.302Z info: MongoDB connection successful
2024-05-28T00:14:22.056Z info: MongoDB connection open
2024-05-28T00:14:22.092Z info: MongoDB connection successful
2024-05-28T00:21:10.077Z info: MongoDB connection open
2024-05-28T00:21:10.087Z info: MongoDB connection successful
2024-05-28T00:25:28.014Z info: MongoDB connection open
2024-05-28T00:25:28.020Z info: MongoDB connection successful
2024-05-28T00:37:36.386Z info: MongoDB connection open
2024-05-28T00:37:36.392Z info: MongoDB connection successful
2024-05-28T00:40:01.719Z info: MongoDB connection open
2024-05-28T00:40:01.725Z info: MongoDB connection successful
2024-05-28T00:40:35.175Z info: MongoDB connection open
2024-05-28T00:40:35.183Z info: MongoDB connection successful
2024-05-28T00:40:57.931Z info: MongoDB connection open
2024-05-28T00:40:57.937Z info: MongoDB connection successful
